<?xml version="1.0" encoding="UTF-8"?>
<testsuite xmlns:xsi="http://www.w3.org/2001/XMLSchema-instance" xsi:noNamespaceSchemaLocation="https://maven.apache.org/surefire/maven-surefire-plugin/xsd/surefire-test-report-3.0.xsd" version="3.0" name="com.tesco.ise.email.LogMaskTest" time="0.131" tests="1" errors="0" skipped="0" failures="0">
  <properties>
[...]
</properties>
  <testcase name="maskToken(TestInfo)" classname="com.tesco.ise.email.LogMaskTest" time="0.004">
    <system-out><![CDATA[17:21:02,364 |-INFO in ch.qos.logback.classic.LoggerContext[default] - This is logback-classic version 1.5.16
17:21:02,365 |-INFO in ch.qos.logback.classic.util.ContextInitializer@35a9e665 - Here is a list of configurators discovered as a service, by rank: 
17:21:02,365 |-INFO in ch.qos.logback.classic.util.ContextInitializer@35a9e665 -   org.springframework.boot.logging.logback.RootLogLevelConfigurator
17:21:02,365 |-INFO in ch.qos.logback.classic.util.ContextInitializer@35a9e665 - They will be invoked in order until ExecutionStatus.DO_NOT_INVOKE_NEXT_IF_ANY is returned.
17:21:02,365 |-INFO in ch.qos.logback.classic.util.ContextInitializer@35a9e665 - Constructed configurator of type class org.springframework.boot.logging.logback.RootLogLevelConfigurator
17:21:02,370 |-INFO in ch.qos.logback.classic.util.ContextInitializer@35a9e665 - org.springframework.boot.logging.logback.RootLogLevelConfigurator.configure() call lasted 1 milliseconds. ExecutionStatus=INVOKE_NEXT_IF_ANY
17:21:02,370 |-INFO in ch.qos.logback.classic.util.ContextInitializer@35a9e665 - Trying to configure with ch.qos.logback.classic.joran.SerializedModelConfigurator
17:21:02,370 |-INFO in ch.qos.logback.classic.util.ContextInitializer@35a9e665 - Constructed configurator of type class ch.qos.logback.classic.joran.SerializedModelConfigurator
17:21:02,371 |-INFO in ch.qos.logback.classic.LoggerContext[default] - Could NOT find resource [logback-test.scmo]
17:21:02,371 |-INFO in ch.qos.logback.classic.LoggerContext[default] - Could NOT find resource [logback.scmo]
17:21:02,371 |-INFO in ch.qos.logback.classic.util.ContextInitializer@35a9e665 - ch.qos.logback.classic.joran.SerializedModelConfigurator.configure() call lasted 1 milliseconds. ExecutionStatus=INVOKE_NEXT_IF_ANY
17:21:02,371 |-INFO in ch.qos.logback.classic.util.ContextInitializer@35a9e665 - Trying to configure with ch.qos.logback.classic.util.DefaultJoranConfigurator
17:21:02,372 |-INFO in ch.qos.logback.classic.util.ContextInitializer@35a9e665 - Constructed configurator of type class ch.qos.logback.classic.util.DefaultJoranConfigurator
17:21:02,372 |-INFO in ch.qos.logback.classic.LoggerContext[default] - Could NOT find resource [logback-test.xml]
17:21:02,372 |-INFO in ch.qos.logback.classic.LoggerContext[default] - Could NOT find resource [logback.xml]
17:21:02,372 |-INFO in ch.qos.logback.classic.util.ContextInitializer@35a9e665 - ch.qos.logback.classic.util.DefaultJoranConfigurator.configure() call lasted 0 milliseconds. ExecutionStatus=INVOKE_NEXT_IF_ANY
17:21:02,372 |-INFO in ch.qos.logback.classic.util.ContextInitializer@35a9e665 - Trying to configure with ch.qos.logback.classic.BasicConfigurator
17:21:02,373 |-INFO in ch.qos.logback.classic.util.ContextInitializer@35a9e665 - Constructed configurator of type class ch.qos.logback.classic.BasicConfigurator
17:21:02,373 |-INFO in ch.qos.logback.classic.BasicConfigurator@362be0cd - Setting up default configuration.
17:21:02,387 |-INFO in ch.qos.logback.core.ConsoleAppender[console] - BEWARE: Writing to the console can be very slow. Avoid logging to the 
17:21:02,387 |-INFO in ch.qos.logback.core.ConsoleAppender[console] - console in production environments, especially in high volume systems.
17:21:02,387 |-INFO in ch.qos.logback.core.ConsoleAppender[console] - See also https://logback.qos.ch/codes.html#slowConsole
17:21:02,387 |-INFO in ch.qos.logback.classic.util.ContextInitializer@35a9e665 - ch.qos.logback.classic.BasicConfigurator.configure() call lasted 14 milliseconds. ExecutionStatus=NEUTRAL
17:21:03,522 |-WARN in ch.qos.logback.core.joran.action.ConversionRuleAction - [converterClass] attribute is deprecated and replaced by [class]. See element [conversionRule] near line 6
17:21:03,554 |-INFO in ch.qos.logback.core.joran.util.ConfigurationWatchListUtil@2dde0a34 - Adding [jar:file:/Users/uke12446847/.m2/repository/org/springframework/boot/spring-boot/3.4.2/spring-boot-3.4.2.jar!/org/springframework/boot/logging/logback/defaults.xml] to configuration watch list.
17:21:03,555 |-INFO in ConfigurationWatchList(mainURL=file:/Users/uke12446847/go/src/github.dev.global.tesco.org/336-ISE-Control-plane/email-template-management/contact-api/target/classes/logback-spring.xml, fileWatchList={/Users/uke12446847/go/src/github.dev.global.tesco.org/336-ISE-Control-plane/email-template-management/contact-api/target/classes/logback-spring.xml}, urlWatchList=[}) - Cannot watch [jar:file:/Users/uke12446847/.m2/repository/org/springframework/boot/spring-boot/3.4.2/spring-boot-3.4.2.jar!/org/springframework/boot/logging/logback/defaults.xml] as its protocol is not one of file, http or https.
17:21:03,558 |-INFO in ch.qos.logback.core.model.processor.ConversionRuleModelHandler - registering conversion word applicationName with class [org.springframework.boot.logging.logback.ApplicationNameConverter]
17:21:03,558 |-INFO in ch.qos.logback.core.model.processor.ConversionRuleModelHandler - registering conversion word clr with class [org.springframework.boot.logging.logback.ColorConverter]
17:21:03,558 |-INFO in ch.qos.logback.core.model.processor.ConversionRuleModelHandler - registering conversion word correlationId with class [org.springframework.boot.logging.logback.CorrelationIdConverter]
17:21:03,558 |-INFO in ch.qos.logback.core.model.processor.ConversionRuleModelHandler - registering conversion word esb with class [org.springframework.boot.logging.logback.EnclosedInSquareBracketsConverter]
17:21:03,558 |-INFO in ch.qos.logback.core.model.processor.ConversionRuleModelHandler - registering conversion word wex with class [org.springframework.boot.logging.logback.WhitespaceThrowableProxyConverter]
17:21:03,558 |-INFO in ch.qos.logback.core.model.processor.ConversionRuleModelHandler - registering conversion word wEx with class [org.springframework.boot.logging.logback.ExtendedWhitespaceThrowableProxyConverter]
17:21:03,560 |-INFO in ch.qos.logback.core.model.processor.ModelInterpretationContext@645d4639 - value "%clr(%d{yyyy-MM-dd'T'HH:mm:ss.SSSXXX}){faint} %clr(%5p){} %clr(){magenta} %clr(--- %esb(){APPLICATION_NAME}%esb{APPLICATION_GROUP}[%15.15t] ){faint}%clr(%-40.40logger{39}){cyan} %clr(:){faint} %m%n%wEx" substituted for "${CONSOLE_LOG_PATTERN:-%clr(%d{${LOG_DATEFORMAT_PATTERN:-yyyy-MM-dd'T'HH:mm:ss.SSSXXX}}){faint} %clr(${LOG_LEVEL_PATTERN:-%5p}){} %clr(${PID:-}){magenta} %clr(--- %esb(){APPLICATION_NAME}%esb{APPLICATION_GROUP}[%15.15t] ${LOG_CORRELATION_PATTERN:-}){faint}%clr(%-40.40logger{39}){cyan} %clr(:){faint} %m%n${LOG_EXCEPTION_CONVERSION_WORD:-%wEx}}"
17:21:03,560 |-INFO in ch.qos.logback.core.model.processor.ModelInterpretationContext@645d4639 - value "UTF-8" substituted for "${CONSOLE_LOG_CHARSET:-${file.encoding:-UTF-8}}"
17:21:03,560 |-INFO in ch.qos.logback.core.model.processor.ModelInterpretationContext@645d4639 - value "TRACE" substituted for "${CONSOLE_LOG_THRESHOLD:-TRACE}"
17:21:03,560 |-INFO in ch.qos.logback.core.model.processor.ModelInterpretationContext@645d4639 - value "" substituted for "${CONSOLE_LOG_STRUCTURED_FORMAT:-}"
17:21:03,560 |-INFO in ch.qos.logback.core.model.processor.ModelInterpretationContext@645d4639 - value "%d{yyyy-MM-dd'T'HH:mm:ss.SSSXXX} %5p  --- %esb(){APPLICATION_NAME}%esb{APPLICATION_GROUP}[%t] %-40.40logger{39} : %m%n%wEx" substituted for "${FILE_LOG_PATTERN:-%d{${LOG_DATEFORMAT_PATTERN:-yyyy-MM-dd'T'HH:mm:ss.SSSXXX}} ${LOG_LEVEL_PATTERN:-%5p} ${PID:-} --- %esb(){APPLICATION_NAME}%esb{APPLICATION_GROUP}[%t] ${LOG_CORRELATION_PATTERN:-}%-40.40logger{39} : %m%n${LOG_EXCEPTION_CONVERSION_WORD:-%wEx}}"
17:21:03,560 |-INFO in ch.qos.logback.core.model.processor.ModelInterpretationContext@645d4639 - value "UTF-8" substituted for "${FILE_LOG_CHARSET:-${file.encoding:-UTF-8}}"
17:21:03,560 |-INFO in ch.qos.logback.core.model.processor.ModelInterpretationContext@645d4639 - value "TRACE" substituted for "${FILE_LOG_THRESHOLD:-TRACE}"
17:21:03,560 |-INFO in ch.qos.logback.core.model.processor.ModelInterpretationContext@645d4639 - value "" substituted for "${FILE_LOG_STRUCTURED_FORMAT:-}"
17:21:03,560 |-INFO in ch.qos.logback.core.model.processor.ConversionRuleModelHandler - registering conversion word maskToken with class [com.tesco.ise.email.utils.LogMask]
17:21:03,563 |-WARN in ch.qos.logback.core.model.processor.ImplicitModelHandler - Ignoring unknown property [springProfile] in [ch.qos.logback.classic.LoggerContext]
17:21:03,564 |-INFO in ch.qos.logback.classic.model.processor.LoggerModelHandler - Setting level of logger [org.apache.catalina.startup.DigesterFactory] to ERROR
17:21:03,564 |-INFO in ch.qos.logback.classic.model.processor.LoggerModelHandler - Setting level of logger [org.apache.catalina.util.LifecycleBase] to ERROR
17:21:03,564 |-INFO in ch.qos.logback.classic.model.processor.LoggerModelHandler - Setting level of logger [org.apache.coyote.http11.Http11NioProtocol] to WARN
17:21:03,564 |-INFO in ch.qos.logback.classic.model.processor.LoggerModelHandler - Setting level of logger [org.apache.sshd.common.util.SecurityUtils] to WARN
17:21:03,564 |-INFO in ch.qos.logback.classic.model.processor.LoggerModelHandler - Setting level of logger [org.apache.tomcat.util.net.NioSelectorPool] to WARN
17:21:03,564 |-INFO in ch.qos.logback.classic.model.processor.LoggerModelHandler - Setting level of logger [org.eclipse.jetty.util.component.AbstractLifeCycle] to ERROR
17:21:03,564 |-INFO in ch.qos.logback.classic.model.processor.LoggerModelHandler - Setting level of logger [org.hibernate.validator.internal.util.Version] to WARN
17:21:03,564 |-INFO in ch.qos.logback.classic.model.processor.LoggerModelHandler - Setting level of logger [org.springframework.boot.actuate.endpoint.jmx] to WARN
17:21:03,564 |-INFO in ch.qos.logback.core.model.processor.AppenderModelHandler - Processing appender named [CONSOLE]
17:21:03,565 |-INFO in ch.qos.logback.core.model.processor.AppenderModelHandler - About to instantiate appender of type [ch.qos.logback.core.ConsoleAppender]
17:21:03,566 |-INFO in ch.qos.logback.core.model.processor.ImplicitModelHandler - Assuming default type [ch.qos.logback.classic.encoder.PatternLayoutEncoder] for [encoder] property
17:21:03,588 |-INFO in ch.qos.logback.core.ConsoleAppender[CONSOLE] - BEWARE: Writing to the console can be very slow. Avoid logging to the 
17:21:03,588 |-INFO in ch.qos.logback.core.ConsoleAppender[CONSOLE] - console in production environments, especially in high volume systems.
17:21:03,588 |-INFO in ch.qos.logback.core.ConsoleAppender[CONSOLE] - See also https://logback.qos.ch/codes.html#slowConsole
17:21:03,588 |-INFO in ch.qos.logback.classic.model.processor.LoggerModelHandler - Setting level of logger [com.tesco.ise.email] to DEBUG
17:21:03,588 |-INFO in ch.qos.logback.classic.model.processor.LoggerModelHandler - Setting additivity of logger [com.tesco.ise.email] to false
17:21:03,588 |-INFO in ch.qos.logback.core.model.processor.AppenderRefModelHandler - Attaching appender named [CONSOLE] to Logger[com.tesco.ise.email]
17:21:03,588 |-INFO in ch.qos.logback.core.model.processor.DefaultProcessor@8ee03f5 - End of configuration.
17:21:03,588 |-INFO in ch.qos.logback.classic.joran.JoranConfigurator@5ad40184 - Registering current configuration as safe fallback point

17:21:03.591 [main] INFO  c.t.i.e.LogMaskTest PreTest 41; - -----------------------------------------------------------------------------------------------------------------------------
]]></system-out>
  </testcase>
</testsuite>