<?xml version="1.0" encoding="UTF-8"?>
<testsuite xmlns:xsi="http://www.w3.org/2001/XMLSchema-instance" xsi:noNamespaceSchemaLocation="https://maven.apache.org/surefire/maven-surefire-plugin/xsd/surefire-test-report-3.0.xsd" version="3.0" name="com.tesco.ise.email.EmailControllerTest" time="0.039" tests="2" errors="0" skipped="0" failures="0">
  <properties>
[...]
</properties>
  <testcase name="sendEmailFailed(TestInfo)" classname="com.tesco.ise.email.EmailControllerTest" time="0.035">
    <system-out><![CDATA[17:21:03.604 [main] DEBUG c.t.i.e.EmailControllerTest PreTest 35; - -----------------------------------------------------------------------------------------------------------------------------
17:21:03.633 [main] DEBUG c.t.i.e.EmailControllerTest sendEmailFailed 67; - running test: Send email - failed
]]></system-out>
  </testcase>
  <testcase name="sendEmail(TestInfo)" classname="com.tesco.ise.email.EmailControllerTest" time="0.002">
    <system-out><![CDATA[17:21:03.640 [main] DEBUG c.t.i.e.EmailControllerTest PreTest 35; - -----------------------------------------------------------------------------------------------------------------------------
17:21:03.641 [main] DEBUG c.t.i.e.EmailControllerTest sendEmail 43; - running test: Send email
]]></system-out>
  </testcase>
</testsuite>